# JRE version: Java(TM) SE Runtime Environment (17.0.1+12) (build 17.0.1+12-LTS-39)
# Java VM: Java HotSpot(TM) 64-Bit Server VM (17.0.1+12-LTS-39, mixed mode, emulated-client, sharing, tiered, compressed oops, compressed class ptrs, g1 gc, windows-amd64)
GC Precious Log:
 CPUs: 12 total, 12 available
 Memory: 16220M
 Large Page Support: Disabled
 NUMA Support: Disabled
 Compressed Oops: Enabled (Zero based)
 Heap Region Size: 2M
 Heap Min Capacity: 8M
 Heap Initial Capacity: 254M
 Heap Max Capacity: 4056M
 Pre-touch: Disabled
 Parallel Workers: 10
 Concurrent Workers: 3
 Concurrent Refinement Workers: 10
 Periodic GC: Disabled
Heap:
 garbage-first heap   total 75776K, used 43329K [0x0000000702800000, 0x0000000800000000)
  region size 2048K, 12 young (24576K), 1 survivors (2048K)
 Metaspace       used 58416K, committed 59008K, reserved 1105920K
  class space    used 8376K, committed 8640K, reserved 1048576K
GC Heap History (20 events):
Event: 0.861 GC heap before
{Heap before GC invocations=2 (full 0):
 garbage-first heap   total 260096K, used 160459K [0x0000000702800000, 0x0000000800000000)
  region size 2048K, 76 young (155648K), 1 survivors (2048K)
 Metaspace       used 19602K, committed 19904K, reserved 1073152K
  class space    used 2684K, committed 2816K, reserved 1048576K
}
Event: 0.864 GC heap after
{Heap after GC invocations=3 (full 0):
 garbage-first heap   total 260096K, used 11701K [0x0000000702800000, 0x0000000800000000)
  region size 2048K, 3 young (6144K), 3 survivors (6144K)
 Metaspace       used 19602K, committed 19904K, reserved 1073152K
  class space    used 2684K, committed 2816K, reserved 1048576K
}
Event: 0.910 GC heap before
{Heap before GC invocations=3 (full 0):
 garbage-first heap   total 260096K, used 23989K [0x0000000702800000, 0x0000000800000000)
  region size 2048K, 11 young (22528K), 3 survivors (6144K)
 Metaspace       used 21279K, committed 21568K, reserved 1073152K
  class space    used 2919K, committed 3008K, reserved 1048576K
}
Event: 0.912 GC heap after
{Heap after GC invocations=4 (full 0):
 garbage-first heap   total 260096K, used 13015K [0x0000000702800000, 0x0000000800000000)
  region size 2048K, 3 young (6144K), 3 survivors (6144K)
 Metaspace       used 21279K, committed 21568K, reserved 1073152K
  class space    used 2919K, committed 3008K, reserved 1048576K
}
Event: 1.258 GC heap before
{Heap before GC invocations=5 (full 0):
 garbage-first heap   total 61440K, used 45783K [0x0000000702800000, 0x0000000800000000)
  region size 2048K, 20 young (40960K), 3 survivors (6144K)
 Metaspace       used 24944K, committed 25280K, reserved 1073152K
  class space    used 3485K, committed 3648K, reserved 1048576K
}
Event: 1.263 GC heap after
{Heap after GC invocations=6 (full 0):
 garbage-first heap   total 61440K, used 15212K [0x0000000702800000, 0x0000000800000000)
  region size 2048K, 4 young (8192K), 4 survivors (8192K)
 Metaspace       used 24944K, committed 25280K, reserved 1073152K
  class space    used 3485K, committed 3648K, reserved 1048576K
}
Event: 1.285 GC heap before
{Heap before GC invocations=6 (full 0):
 garbage-first heap   total 61440K, used 15212K [0x0000000702800000, 0x0000000800000000)
  region size 2048K, 5 young (10240K), 4 survivors (8192K)
 Metaspace       used 25253K, committed 25536K, reserved 1073152K
  class space    used 3531K, committed 3648K, reserved 1048576K
}
Event: 1.291 GC heap after
{Heap after GC invocations=7 (full 0):
 garbage-first heap   total 61440K, used 15954K [0x0000000702800000, 0x0000000800000000)
  region size 2048K, 1 young (2048K), 1 survivors (2048K)
 Metaspace       used 25253K, committed 25536K, reserved 1073152K
  class space    used 3531K, committed 3648K, reserved 1048576K
}
Event: 1.588 GC heap before
{Heap before GC invocations=7 (full 0):
 garbage-first heap   total 61440K, used 42578K [0x0000000702800000, 0x0000000800000000)
  region size 2048K, 14 young (28672K), 1 survivors (2048K)
 Metaspace       used 29774K, committed 30208K, reserved 1081344K
  class space    used 4186K, committed 4416K, reserved 1048576K
}
Event: 1.592 GC heap after
{Heap after GC invocations=8 (full 0):
 garbage-first heap   total 61440K, used 17751K [0x0000000702800000, 0x0000000800000000)
  region size 2048K, 2 young (4096K), 2 survivors (4096K)
 Metaspace       used 29774K, committed 30208K, reserved 1081344K
  class space    used 4186K, committed 4416K, reserved 1048576K
}
Event: 1.798 GC heap before
{Heap before GC invocations=8 (full 0):
 garbage-first heap   total 61440K, used 40279K [0x0000000702800000, 0x0000000800000000)
  region size 2048K, 14 young (28672K), 2 survivors (4096K)
 Metaspace       used 33583K, committed 34048K, reserved 1081344K
  class space    used 4695K, committed 4928K, reserved 1048576K
}
Event: 1.801 GC heap after
{Heap after GC invocations=9 (full 0):
 garbage-first heap   total 161792K, used 19108K [0x0000000702800000, 0x0000000800000000)
  region size 2048K, 1 young (2048K), 1 survivors (2048K)
 Metaspace       used 33583K, committed 34048K, reserved 1081344K
  class space    used 4695K, committed 4928K, reserved 1048576K
}
Event: 1.893 GC heap before
{Heap before GC invocations=9 (full 0):
 garbage-first heap   total 161792K, used 27300K [0x0000000702800000, 0x0000000800000000)
  region size 2048K, 6 young (12288K), 1 survivors (2048K)
 Metaspace       used 35681K, committed 36096K, reserved 1081344K
  class space    used 5028K, committed 5248K, reserved 1048576K
}
Event: 1.895 GC heap after
{Heap after GC invocations=10 (full 0):
 garbage-first heap   total 161792K, used 19376K [0x0000000702800000, 0x0000000800000000)
  region size 2048K, 1 young (2048K), 1 survivors (2048K)
 Metaspace       used 35681K, committed 36096K, reserved 1081344K
  class space    used 5028K, committed 5248K, reserved 1048576K
}
Event: 2.557 GC heap before
{Heap before GC invocations=11 (full 0):
 garbage-first heap   total 75776K, used 62384K [0x0000000702800000, 0x0000000800000000)
  region size 2048K, 22 young (45056K), 1 survivors (2048K)
 Metaspace       used 47123K, committed 47616K, reserved 1097728K
  class space    used 6638K, committed 6848K, reserved 1048576K
}
Event: 2.560 GC heap after
{Heap after GC invocations=12 (full 0):
 garbage-first heap   total 75776K, used 21601K [0x0000000702800000, 0x0000000800000000)
  region size 2048K, 2 young (4096K), 2 survivors (4096K)
 Metaspace       used 47123K, committed 47616K, reserved 1097728K
  class space    used 6638K, committed 6848K, reserved 1048576K
}
Event: 2.578 GC heap before
{Heap before GC invocations=12 (full 0):
 garbage-first heap   total 75776K, used 23649K [0x0000000702800000, 0x0000000800000000)
  region size 2048K, 3 young (6144K), 2 survivors (4096K)
 Metaspace       used 47558K, committed 48064K, reserved 1097728K
  class space    used 6694K, committed 6912K, reserved 1048576K
}
Event: 2.581 GC heap after
{Heap after GC invocations=13 (full 0):
 garbage-first heap   total 75776K, used 21932K [0x0000000702800000, 0x0000000800000000)
  region size 2048K, 1 young (2048K), 1 survivors (2048K)
 Metaspace       used 47558K, committed 48064K, reserved 1097728K
  class space    used 6694K, committed 6912K, reserved 1048576K
}
Event: 2.930 GC heap before
{Heap before GC invocations=13 (full 0):
 garbage-first heap   total 75776K, used 54700K [0x0000000702800000, 0x0000000800000000)
  region size 2048K, 18 young (36864K), 1 survivors (2048K)
 Metaspace       used 55200K, committed 55680K, reserved 1097728K
  class space    used 7804K, committed 8000K, reserved 1048576K
}
Event: 2.932 GC heap after
{Heap after GC invocations=14 (full 0):
 garbage-first heap   total 75776K, used 22849K [0x0000000702800000, 0x0000000800000000)
  region size 2048K, 1 young (2048K), 1 survivors (2048K)
 Metaspace       used 55200K, committed 55680K, reserved 1097728K
  class space    used 7804K, committed 8000K, reserved 1048576K
}

