# JRE version: Java(TM) SE Runtime Environment (17.0.1+12) (build 17.0.1+12-LTS-39)
# Java VM: Java HotSpot(TM) 64-Bit Server VM (17.0.1+12-LTS-39, mixed mode, emulated-client, sharing, tiered, compressed oops, compressed class ptrs, g1 gc, windows-amd64)
GC Precious Log:
 CPUs: 12 total, 12 available
 Memory: 16220M
 Large Page Support: Disabled
 NUMA Support: Disabled
 Compressed Oops: Enabled (Zero based)
 Heap Region Size: 2M
 Heap Min Capacity: 8M
 Heap Initial Capacity: 254M
 Heap Max Capacity: 4056M
 Pre-touch: Disabled
 Parallel Workers: 10
 Concurrent Workers: 3
 Concurrent Refinement Workers: 10
 Periodic GC: Disabled
Heap:
 garbage-first heap   total 157696K, used 19929K [0x0000000702800000, 0x0000000800000000)
  region size 2048K, 3 young (6144K), 2 survivors (4096K)
 Metaspace       used 35910K, committed 36288K, reserved 1081344K
  class space    used 5069K, committed 5248K, reserved 1048576K
GC Heap History (16 events):
Event: 0.356 GC heap before
{Heap before GC invocations=0 (full 0):
 garbage-first heap   total 260096K, used 20480K [0x0000000702800000, 0x0000000800000000)
  region size 2048K, 11 young (22528K), 0 survivors (0K)
 Metaspace       used 6376K, committed 6592K, reserved 1056768K
  class space    used 795K, committed 896K, reserved 1048576K
}
Event: 0.359 GC heap after
{Heap after GC invocations=1 (full 0):
 garbage-first heap   total 260096K, used 6975K [0x0000000702800000, 0x0000000800000000)
  region size 2048K, 2 young (4096K), 2 survivors (4096K)
 Metaspace       used 6376K, committed 6592K, reserved 1056768K
  class space    used 795K, committed 896K, reserved 1048576K
}
Event: 0.613 GC heap before
{Heap before GC invocations=1 (full 0):
 garbage-first heap   total 260096K, used 29503K [0x0000000702800000, 0x0000000800000000)
  region size 2048K, 14 young (28672K), 2 survivors (4096K)
 Metaspace       used 11979K, committed 12224K, reserved 1064960K
  class space    used 1658K, committed 1792K, reserved 1048576K
}
Event: 0.616 GC heap after
{Heap after GC invocations=2 (full 0):
 garbage-first heap   total 260096K, used 9376K [0x0000000702800000, 0x0000000800000000)
  region size 2048K, 1 young (2048K), 1 survivors (2048K)
 Metaspace       used 11979K, committed 12224K, reserved 1064960K
  class space    used 1658K, committed 1792K, reserved 1048576K
}
Event: 0.826 GC heap before
{Heap before GC invocations=2 (full 0):
 garbage-first heap   total 260096K, used 160928K [0x0000000702800000, 0x0000000800000000)
  region size 2048K, 76 young (155648K), 1 survivors (2048K)
 Metaspace       used 19426K, committed 19648K, reserved 1073152K
  class space    used 2661K, committed 2752K, reserved 1048576K
}
Event: 0.829 GC heap after
{Heap after GC invocations=3 (full 0):
 garbage-first heap   total 260096K, used 11972K [0x0000000702800000, 0x0000000800000000)
  region size 2048K, 3 young (6144K), 3 survivors (6144K)
 Metaspace       used 19426K, committed 19648K, reserved 1073152K
  class space    used 2661K, committed 2752K, reserved 1048576K
}
Event: 0.879 GC heap before
{Heap before GC invocations=3 (full 0):
 garbage-first heap   total 260096K, used 26308K [0x0000000702800000, 0x0000000800000000)
  region size 2048K, 12 young (24576K), 3 survivors (6144K)
 Metaspace       used 21283K, committed 21504K, reserved 1073152K
  class space    used 2923K, committed 3008K, reserved 1048576K
}
Event: 0.881 GC heap after
{Heap after GC invocations=4 (full 0):
 garbage-first heap   total 260096K, used 13199K [0x0000000702800000, 0x0000000800000000)
  region size 2048K, 3 young (6144K), 3 survivors (6144K)
 Metaspace       used 21283K, committed 21504K, reserved 1073152K
  class space    used 2923K, committed 3008K, reserved 1048576K
}
Event: 1.152 GC heap before
{Heap before GC invocations=5 (full 0):
 garbage-first heap   total 55296K, used 37775K [0x0000000702800000, 0x0000000800000000)
  region size 2048K, 17 young (34816K), 3 survivors (6144K)
 Metaspace       used 24406K, committed 24704K, reserved 1073152K
  class space    used 3379K, committed 3520K, reserved 1048576K
}
Event: 1.156 GC heap after
{Heap after GC invocations=6 (full 0):
 garbage-first heap   total 55296K, used 15255K [0x0000000702800000, 0x0000000800000000)
  region size 2048K, 4 young (8192K), 4 survivors (8192K)
 Metaspace       used 24406K, committed 24704K, reserved 1073152K
  class space    used 3379K, committed 3520K, reserved 1048576K
}
Event: 1.399 GC heap before
{Heap before GC invocations=6 (full 0):
 garbage-first heap   total 55296K, used 37783K [0x0000000702800000, 0x0000000800000000)
  region size 2048K, 15 young (30720K), 4 survivors (8192K)
 Metaspace       used 27906K, committed 28288K, reserved 1073152K
  class space    used 3930K, committed 4096K, reserved 1048576K
}
Event: 1.406 GC heap after
{Heap after GC invocations=7 (full 0):
 garbage-first heap   total 55296K, used 17472K [0x0000000702800000, 0x0000000800000000)
  region size 2048K, 2 young (4096K), 2 survivors (4096K)
 Metaspace       used 27906K, committed 28288K, reserved 1073152K
  class space    used 3930K, committed 4096K, reserved 1048576K
}
Event: 1.589 GC heap before
{Heap before GC invocations=7 (full 0):
 garbage-first heap   total 55296K, used 35904K [0x0000000702800000, 0x0000000800000000)
  region size 2048K, 11 young (22528K), 2 survivors (4096K)
 Metaspace       used 30696K, committed 31168K, reserved 1081344K
  class space    used 4317K, committed 4544K, reserved 1048576K
}
Event: 1.594 GC heap after
{Heap after GC invocations=8 (full 0):
 garbage-first heap   total 157696K, used 18751K [0x0000000702800000, 0x0000000800000000)
  region size 2048K, 1 young (2048K), 1 survivors (2048K)
 Metaspace       used 30696K, committed 31168K, reserved 1081344K
  class space    used 4317K, committed 4544K, reserved 1048576K
}
Event: 1.824 GC heap before
{Heap before GC invocations=8 (full 0):
 garbage-first heap   total 157696K, used 45375K [0x0000000702800000, 0x0000000800000000)
  region size 2048K, 15 young (30720K), 1 survivors (2048K)
 Metaspace       used 35528K, committed 35968K, reserved 1081344K
  class space    used 5015K, committed 5248K, reserved 1048576K
}
Event: 1.827 GC heap after
{Heap after GC invocations=9 (full 0):
 garbage-first heap   total 157696K, used 19929K [0x0000000702800000, 0x0000000800000000)
  region size 2048K, 2 young (4096K), 2 survivors (4096K)
 Metaspace       used 35528K, committed 35968K, reserved 1081344K
  class space    used 5015K, committed 5248K, reserved 1048576K
}

