# JRE version: Java(TM) SE Runtime Environment (17.0.1+12) (build 17.0.1+12-LTS-39)
# Java VM: Java HotSpot(TM) 64-Bit Server VM (17.0.1+12-LTS-39, mixed mode, emulated-client, sharing, tiered, compressed oops, compressed class ptrs, g1 gc, windows-amd64)
GC Precious Log:
 CPUs: 12 total, 12 available
 Memory: 16220M
 Large Page Support: Disabled
 NUMA Support: Disabled
 Compressed Oops: Enabled (Zero based)
 Heap Region Size: 2M
 Heap Min Capacity: 8M
 Heap Initial Capacity: 254M
 Heap Max Capacity: 4056M
 Pre-touch: Disabled
 Parallel Workers: 10
 Concurrent Workers: 3
 Concurrent Refinement Workers: 10
 Periodic GC: Disabled
Heap:
 garbage-first heap   total 102400K, used 77171K [0x0000000702800000, 0x0000000800000000)
  region size 2048K, 30 young (61440K), 4 survivors (8192K)
 Metaspace       used 66154K, committed 66752K, reserved 1114112K
  class space    used 9577K, committed 9856K, reserved 1048576K
GC Heap History (20 events):
Event: 0.454 GC heap after
{Heap after GC invocations=1 (full 0):
 garbage-first heap   total 260096K, used 7274K [0x0000000702800000, 0x0000000800000000)
  region size 2048K, 2 young (4096K), 2 survivors (4096K)
 Metaspace       used 6493K, committed 6656K, reserved 1056768K
  class space    used 811K, committed 896K, reserved 1048576K
}
Event: 0.723 GC heap before
{Heap before GC invocations=1 (full 0):
 garbage-first heap   total 260096K, used 29802K [0x0000000702800000, 0x0000000800000000)
  region size 2048K, 14 young (28672K), 2 survivors (4096K)
 Metaspace       used 12135K, committed 12352K, reserved 1064960K
  class space    used 1658K, committed 1792K, reserved 1048576K
}
Event: 0.726 GC heap after
{Heap after GC invocations=2 (full 0):
 garbage-first heap   total 260096K, used 8757K [0x0000000702800000, 0x0000000800000000)
  region size 2048K, 1 young (2048K), 1 survivors (2048K)
 Metaspace       used 12135K, committed 12352K, reserved 1064960K
  class space    used 1658K, committed 1792K, reserved 1048576K
}
Event: 0.941 GC heap before
{Heap before GC invocations=2 (full 0):
 garbage-first heap   total 260096K, used 160309K [0x0000000702800000, 0x0000000800000000)
  region size 2048K, 76 young (155648K), 1 survivors (2048K)
 Metaspace       used 18880K, committed 19136K, reserved 1073152K
  class space    used 2522K, committed 2624K, reserved 1048576K
}
Event: 0.945 GC heap after
{Heap after GC invocations=3 (full 0):
 garbage-first heap   total 260096K, used 11756K [0x0000000702800000, 0x0000000800000000)
  region size 2048K, 3 young (6144K), 3 survivors (6144K)
 Metaspace       used 18880K, committed 19136K, reserved 1073152K
  class space    used 2522K, committed 2624K, reserved 1048576K
}
Event: 1.176 GC heap before
{Heap before GC invocations=3 (full 0):
 garbage-first heap   total 260096K, used 36332K [0x0000000702800000, 0x0000000800000000)
  region size 2048K, 16 young (32768K), 3 survivors (6144K)
 Metaspace       used 21289K, committed 21504K, reserved 1073152K
  class space    used 2869K, committed 2944K, reserved 1048576K
}
Event: 1.179 GC heap after
{Heap after GC invocations=4 (full 0):
 garbage-first heap   total 260096K, used 13194K [0x0000000702800000, 0x0000000800000000)
  region size 2048K, 4 young (8192K), 4 survivors (8192K)
 Metaspace       used 21289K, committed 21504K, reserved 1073152K
  class space    used 2869K, committed 2944K, reserved 1048576K
}
Event: 1.581 GC heap before
{Heap before GC invocations=5 (full 0):
 garbage-first heap   total 61440K, used 45962K [0x0000000702800000, 0x0000000800000000)
  region size 2048K, 21 young (43008K), 4 survivors (8192K)
 Metaspace       used 26169K, committed 26560K, reserved 1073152K
  class space    used 3675K, committed 3840K, reserved 1048576K
}
Event: 1.587 GC heap after
{Heap after GC invocations=6 (full 0):
 garbage-first heap   total 61440K, used 16474K [0x0000000702800000, 0x0000000800000000)
  region size 2048K, 5 young (10240K), 5 survivors (10240K)
 Metaspace       used 26169K, committed 26560K, reserved 1073152K
  class space    used 3675K, committed 3840K, reserved 1048576K
}
Event: 1.608 GC heap before
{Heap before GC invocations=6 (full 0):
 garbage-first heap   total 61440K, used 18522K [0x0000000702800000, 0x0000000800000000)
  region size 2048K, 6 young (12288K), 5 survivors (10240K)
 Metaspace       used 26688K, committed 27072K, reserved 1073152K
  class space    used 3719K, committed 3904K, reserved 1048576K
}
Event: 1.614 GC heap after
{Heap after GC invocations=7 (full 0):
 garbage-first heap   total 61440K, used 17687K [0x0000000702800000, 0x0000000800000000)
  region size 2048K, 1 young (2048K), 1 survivors (2048K)
 Metaspace       used 26688K, committed 27072K, reserved 1073152K
  class space    used 3719K, committed 3904K, reserved 1048576K
}
Event: 1.819 GC heap before
{Heap before GC invocations=7 (full 0):
 garbage-first heap   total 61440K, used 42263K [0x0000000702800000, 0x0000000800000000)
  region size 2048K, 13 young (26624K), 1 survivors (2048K)
 Metaspace       used 30716K, committed 31232K, reserved 1081344K
  class space    used 4223K, committed 4480K, reserved 1048576K
}
Event: 1.822 GC heap after
{Heap after GC invocations=8 (full 0):
 garbage-first heap   total 61440K, used 17888K [0x0000000702800000, 0x0000000800000000)
  region size 2048K, 1 young (2048K), 1 survivors (2048K)
 Metaspace       used 30716K, committed 31232K, reserved 1081344K
  class space    used 4223K, committed 4480K, reserved 1048576K
}
Event: 2.054 GC heap before
{Heap before GC invocations=8 (full 0):
 garbage-first heap   total 61440K, used 38368K [0x0000000702800000, 0x0000000800000000)
  region size 2048K, 13 young (26624K), 1 survivors (2048K)
 Metaspace       used 35564K, committed 35968K, reserved 1081344K
  class space    used 5047K, committed 5248K, reserved 1048576K
}
Event: 2.056 GC heap after
{Heap after GC invocations=9 (full 0):
 garbage-first heap   total 61440K, used 18735K [0x0000000702800000, 0x0000000800000000)
  region size 2048K, 2 young (4096K), 2 survivors (4096K)
 Metaspace       used 35564K, committed 35968K, reserved 1081344K
  class space    used 5047K, committed 5248K, reserved 1048576K
}
Event: 2.509 GC heap before
{Heap before GC invocations=10 (full 0):
 garbage-first heap   total 61440K, used 45359K [0x0000000702800000, 0x0000000800000000)
  region size 2048K, 15 young (30720K), 2 survivors (4096K)
 Metaspace       used 43835K, committed 44224K, reserved 1089536K
  class space    used 6103K, committed 6272K, reserved 1048576K
}
Event: 2.512 GC heap after
{Heap after GC invocations=11 (full 0):
 garbage-first heap   total 161792K, used 20486K [0x0000000702800000, 0x0000000800000000)
  region size 2048K, 2 young (4096K), 2 survivors (4096K)
 Metaspace       used 43835K, committed 44224K, reserved 1089536K
  class space    used 6103K, committed 6272K, reserved 1048576K
}
Event: 3.605 GC heap before
{Heap before GC invocations=11 (full 0):
 garbage-first heap   total 161792K, used 100358K [0x0000000702800000, 0x0000000800000000)
  region size 2048K, 42 young (86016K), 2 survivors (4096K)
 Metaspace       used 59843K, committed 60416K, reserved 1105920K
  class space    used 8610K, committed 8896K, reserved 1048576K
}
Event: 3.610 GC heap after
{Heap after GC invocations=12 (full 0):
 garbage-first heap   total 161792K, used 23923K [0x0000000702800000, 0x0000000800000000)
  region size 2048K, 4 young (8192K), 4 survivors (8192K)
 Metaspace       used 59843K, committed 60416K, reserved 1105920K
  class space    used 8610K, committed 8896K, reserved 1048576K
}
Event: 4.100 GC heap before
{Heap before GC invocations=13 (full 0):
 garbage-first heap   total 102400K, used 77171K [0x0000000702800000, 0x0000000800000000)
  region size 2048K, 30 young (61440K), 4 survivors (8192K)
 Metaspace       used 66154K, committed 66752K, reserved 1114112K
  class space    used 9577K, committed 9856K, reserved 1048576K
}

