# JRE version: Java(TM) SE Runtime Environment (17.0.1+12) (build 17.0.1+12-LTS-39)
# Java VM: Java HotSpot(TM) 64-Bit Server VM (17.0.1+12-LTS-39, mixed mode, emulated-client, sharing, tiered, compressed oops, compressed class ptrs, g1 gc, windows-amd64)
GC Precious Log:
 CPUs: 12 total, 12 available
 Memory: 16220M
 Large Page Support: Disabled
 NUMA Support: Disabled
 Compressed Oops: Enabled (Zero based)
 Heap Region Size: 2M
 Heap Min Capacity: 8M
 Heap Initial Capacity: 254M
 Heap Max Capacity: 4056M
 Pre-touch: Disabled
 Parallel Workers: 10
 Concurrent Workers: 3
 Concurrent Refinement Workers: 10
 Periodic GC: Disabled
Heap:
 garbage-first heap   total 98304K, used 46552K [0x0000000702800000, 0x0000000800000000)
  region size 2048K, 9 young (18432K), 2 survivors (4096K)
 Metaspace       used 75877K, committed 76544K, reserved 1122304K
  class space    used 11056K, committed 11392K, reserved 1048576K
GC Heap History (20 events):
Event: 1.699 GC heap before
{Heap before GC invocations=6 (full 0):
 garbage-first heap   total 61440K, used 43438K [0x0000000702800000, 0x0000000800000000)
  region size 2048K, 18 young (36864K), 5 survivors (10240K)
 Metaspace       used 29984K, committed 30464K, reserved 1081344K
  class space    used 4133K, committed 4352K, reserved 1048576K
}
Event: 1.704 GC heap after
{Heap after GC invocations=7 (full 0):
 garbage-first heap   total 61440K, used 19189K [0x0000000702800000, 0x0000000800000000)
  region size 2048K, 3 young (6144K), 3 survivors (6144K)
 Metaspace       used 29984K, committed 30464K, reserved 1081344K
  class space    used 4133K, committed 4352K, reserved 1048576K
}
Event: 1.928 GC heap before
{Heap before GC invocations=7 (full 0):
 garbage-first heap   total 61440K, used 43765K [0x0000000702800000, 0x0000000800000000)
  region size 2048K, 15 young (30720K), 3 survivors (6144K)
 Metaspace       used 35050K, committed 35584K, reserved 1081344K
  class space    used 4942K, committed 5184K, reserved 1048576K
}
Event: 1.932 GC heap after
{Heap after GC invocations=8 (full 0):
 garbage-first heap   total 161792K, used 19892K [0x0000000702800000, 0x0000000800000000)
  region size 2048K, 2 young (4096K), 2 survivors (4096K)
 Metaspace       used 35050K, committed 35584K, reserved 1081344K
  class space    used 4942K, committed 5184K, reserved 1048576K
}
Event: 1.965 GC heap before
{Heap before GC invocations=8 (full 0):
 garbage-first heap   total 161792K, used 21940K [0x0000000702800000, 0x0000000800000000)
  region size 2048K, 4 young (8192K), 2 survivors (4096K)
 Metaspace       used 35517K, committed 35968K, reserved 1081344K
  class space    used 5035K, committed 5248K, reserved 1048576K
}
Event: 1.968 GC heap after
{Heap after GC invocations=9 (full 0):
 garbage-first heap   total 161792K, used 19831K [0x0000000702800000, 0x0000000800000000)
  region size 2048K, 2 young (4096K), 2 survivors (4096K)
 Metaspace       used 35517K, committed 35968K, reserved 1081344K
  class space    used 5035K, committed 5248K, reserved 1048576K
}
Event: 2.519 GC heap before
{Heap before GC invocations=10 (full 0):
 garbage-first heap   total 81920K, used 64887K [0x0000000702800000, 0x0000000800000000)
  region size 2048K, 24 young (49152K), 2 survivors (4096K)
 Metaspace       used 47298K, committed 47808K, reserved 1097728K
  class space    used 6586K, committed 6848K, reserved 1048576K
}
Event: 2.522 GC heap after
{Heap after GC invocations=11 (full 0):
 garbage-first heap   total 81920K, used 22225K [0x0000000702800000, 0x0000000800000000)
  region size 2048K, 3 young (6144K), 3 survivors (6144K)
 Metaspace       used 47298K, committed 47808K, reserved 1097728K
  class space    used 6586K, committed 6848K, reserved 1048576K
}
Event: 2.918 GC heap before
{Heap before GC invocations=11 (full 0):
 garbage-first heap   total 81920K, used 63185K [0x0000000702800000, 0x0000000800000000)
  region size 2048K, 23 young (47104K), 3 survivors (6144K)
 Metaspace       used 55603K, committed 56192K, reserved 1097728K
  class space    used 7906K, committed 8192K, reserved 1048576K
}
Event: 2.922 GC heap after
{Heap after GC invocations=12 (full 0):
 garbage-first heap   total 81920K, used 23812K [0x0000000702800000, 0x0000000800000000)
  region size 2048K, 3 young (6144K), 3 survivors (6144K)
 Metaspace       used 55603K, committed 56192K, reserved 1097728K
  class space    used 7906K, committed 8192K, reserved 1048576K
}
Event: 3.392 GC heap before
{Heap before GC invocations=12 (full 0):
 garbage-first heap   total 81920K, used 44292K [0x0000000702800000, 0x0000000800000000)
  region size 2048K, 15 young (30720K), 3 survivors (6144K)
 Metaspace       used 59869K, committed 60416K, reserved 1105920K
  class space    used 8608K, committed 8896K, reserved 1048576K
}
Event: 3.395 GC heap after
{Heap after GC invocations=13 (full 0):
 garbage-first heap   total 81920K, used 25232K [0x0000000702800000, 0x0000000800000000)
  region size 2048K, 2 young (4096K), 2 survivors (4096K)
 Metaspace       used 59869K, committed 60416K, reserved 1105920K
  class space    used 8608K, committed 8896K, reserved 1048576K
}
Event: 3.742 GC heap before
{Heap before GC invocations=14 (full 0):
 garbage-first heap   total 81920K, used 62096K [0x0000000702800000, 0x0000000800000000)
  region size 2048K, 20 young (40960K), 2 survivors (4096K)
 Metaspace       used 64370K, committed 64960K, reserved 1105920K
  class space    used 9313K, committed 9600K, reserved 1048576K
}
Event: 3.746 GC heap after
{Heap after GC invocations=15 (full 0):
 garbage-first heap   total 81920K, used 28568K [0x0000000702800000, 0x0000000800000000)
  region size 2048K, 3 young (6144K), 3 survivors (6144K)
 Metaspace       used 64370K, committed 64960K, reserved 1105920K
  class space    used 9313K, committed 9600K, reserved 1048576K
}
Event: 459.726 GC heap before
{Heap before GC invocations=15 (full 0):
 garbage-first heap   total 81920K, used 63384K [0x0000000702800000, 0x0000000800000000)
  region size 2048K, 20 young (40960K), 3 survivors (6144K)
 Metaspace       used 69738K, committed 70400K, reserved 1114112K
  class space    used 10227K, committed 10560K, reserved 1048576K
}
Event: 459.732 GC heap after
{Heap after GC invocations=16 (full 0):
 garbage-first heap   total 98304K, used 32121K [0x0000000702800000, 0x0000000800000000)
  region size 2048K, 2 young (4096K), 2 survivors (4096K)
 Metaspace       used 69738K, committed 70400K, reserved 1114112K
  class space    used 10227K, committed 10560K, reserved 1048576K
}
Event: 3543.986 GC heap before
{Heap before GC invocations=16 (full 0):
 garbage-first heap   total 98304K, used 73081K [0x0000000702800000, 0x0000000800000000)
  region size 2048K, 23 young (47104K), 2 survivors (4096K)
 Metaspace       used 75450K, committed 76096K, reserved 1114112K
  class space    used 10983K, committed 11264K, reserved 1048576K
}
Event: 3543.992 GC heap after
{Heap after GC invocations=17 (full 0):
 garbage-first heap   total 98304K, used 34481K [0x0000000702800000, 0x0000000800000000)
  region size 2048K, 2 young (4096K), 2 survivors (4096K)
 Metaspace       used 75450K, committed 76096K, reserved 1114112K
  class space    used 10983K, committed 11264K, reserved 1048576K
}
Event: 10652.510 GC heap before
{Heap before GC invocations=17 (full 0):
 garbage-first heap   total 98304K, used 75441K [0x0000000702800000, 0x0000000800000000)
  region size 2048K, 22 young (45056K), 2 survivors (4096K)
 Metaspace       used 75877K, committed 76544K, reserved 1122304K
  class space    used 11056K, committed 11392K, reserved 1048576K
}
Event: 10652.517 GC heap after
{Heap after GC invocations=18 (full 0):
 garbage-first heap   total 98304K, used 34264K [0x0000000702800000, 0x0000000800000000)
  region size 2048K, 2 young (4096K), 2 survivors (4096K)
 Metaspace       used 75877K, committed 76544K, reserved 1122304K
  class space    used 11056K, committed 11392K, reserved 1048576K
}

