# JRE version: Java(TM) SE Runtime Environment (17.0.1+12) (build 17.0.1+12-LTS-39)
# Java VM: Java HotSpot(TM) 64-Bit Server VM (17.0.1+12-LTS-39, mixed mode, emulated-client, sharing, tiered, compressed oops, compressed class ptrs, g1 gc, windows-amd64)
GC Precious Log:
 CPUs: 12 total, 12 available
 Memory: 16220M
 Large Page Support: Disabled
 NUMA Support: Disabled
 Compressed Oops: Enabled (Zero based)
 Heap Region Size: 2M
 Heap Min Capacity: 8M
 Heap Initial Capacity: 254M
 Heap Max Capacity: 4056M
 Pre-touch: Disabled
 Parallel Workers: 10
 Concurrent Workers: 3
 Concurrent Refinement Workers: 10
 Periodic GC: Disabled
Heap:
 garbage-first heap   total 161792K, used 54217K [0x0000000702800000, 0x0000000800000000)
  region size 2048K, 20 young (40960K), 1 survivors (2048K)
 Metaspace       used 33146K, committed 33600K, reserved 1081344K
  class space    used 4611K, committed 4864K, reserved 1048576K
GC Heap History (12 events):
Event: 0.358 GC heap before
{Heap before GC invocations=0 (full 0):
 garbage-first heap   total 260096K, used 22528K [0x0000000702800000, 0x0000000800000000)
  region size 2048K, 11 young (22528K), 0 survivors (0K)
 Metaspace       used 6487K, committed 6656K, reserved 1056768K
  class space    used 809K, committed 896K, reserved 1048576K
}
Event: 0.361 GC heap after
{Heap after GC invocations=1 (full 0):
 garbage-first heap   total 260096K, used 6753K [0x0000000702800000, 0x0000000800000000)
  region size 2048K, 2 young (4096K), 2 survivors (4096K)
 Metaspace       used 6487K, committed 6656K, reserved 1056768K
  class space    used 809K, committed 896K, reserved 1048576K
}
Event: 0.610 GC heap before
{Heap before GC invocations=1 (full 0):
 garbage-first heap   total 260096K, used 31329K [0x0000000702800000, 0x0000000800000000)
  region size 2048K, 14 young (28672K), 2 survivors (4096K)
 Metaspace       used 12135K, committed 12352K, reserved 1064960K
  class space    used 1658K, committed 1792K, reserved 1048576K
}
Event: 0.613 GC heap after
{Heap after GC invocations=2 (full 0):
 garbage-first heap   total 260096K, used 8822K [0x0000000702800000, 0x0000000800000000)
  region size 2048K, 1 young (2048K), 1 survivors (2048K)
 Metaspace       used 12135K, committed 12352K, reserved 1064960K
  class space    used 1658K, committed 1792K, reserved 1048576K
}
Event: 0.854 GC heap before
{Heap before GC invocations=2 (full 0):
 garbage-first heap   total 260096K, used 160374K [0x0000000702800000, 0x0000000800000000)
  region size 2048K, 76 young (155648K), 1 survivors (2048K)
 Metaspace       used 19217K, committed 19520K, reserved 1073152K
  class space    used 2568K, committed 2688K, reserved 1048576K
}
Event: 0.857 GC heap after
{Heap after GC invocations=3 (full 0):
 garbage-first heap   total 260096K, used 12058K [0x0000000702800000, 0x0000000800000000)
  region size 2048K, 3 young (6144K), 3 survivors (6144K)
 Metaspace       used 19217K, committed 19520K, reserved 1073152K
  class space    used 2568K, committed 2688K, reserved 1048576K
}
Event: 1.059 GC heap before
{Heap before GC invocations=3 (full 0):
 garbage-first heap   total 260096K, used 34586K [0x0000000702800000, 0x0000000800000000)
  region size 2048K, 15 young (30720K), 3 survivors (6144K)
 Metaspace       used 21284K, committed 21504K, reserved 1073152K
  class space    used 2870K, committed 2944K, reserved 1048576K
}
Event: 1.061 GC heap after
{Heap after GC invocations=4 (full 0):
 garbage-first heap   total 260096K, used 13506K [0x0000000702800000, 0x0000000800000000)
  region size 2048K, 4 young (8192K), 4 survivors (8192K)
 Metaspace       used 21284K, committed 21504K, reserved 1073152K
  class space    used 2870K, committed 2944K, reserved 1048576K
}
Event: 1.427 GC heap before
{Heap before GC invocations=5 (full 0):
 garbage-first heap   total 61440K, used 44226K [0x0000000702800000, 0x0000000800000000)
  region size 2048K, 20 young (40960K), 4 survivors (8192K)
 Metaspace       used 25942K, committed 26368K, reserved 1073152K
  class space    used 3639K, committed 3840K, reserved 1048576K
}
Event: 1.433 GC heap after
{Heap after GC invocations=6 (full 0):
 garbage-first heap   total 61440K, used 16371K [0x0000000702800000, 0x0000000800000000)
  region size 2048K, 5 young (10240K), 5 survivors (10240K)
 Metaspace       used 25942K, committed 26368K, reserved 1073152K
  class space    used 3639K, committed 3840K, reserved 1048576K
}
Event: 1.453 GC heap before
{Heap before GC invocations=6 (full 0):
 garbage-first heap   total 61440K, used 16371K [0x0000000702800000, 0x0000000800000000)
  region size 2048K, 6 young (12288K), 5 survivors (10240K)
 Metaspace       used 26443K, committed 26816K, reserved 1073152K
  class space    used 3698K, committed 3840K, reserved 1048576K
}
Event: 1.460 GC heap after
{Heap after GC invocations=7 (full 0):
 garbage-first heap   total 161792K, used 17353K [0x0000000702800000, 0x0000000800000000)
  region size 2048K, 1 young (2048K), 1 survivors (2048K)
 Metaspace       used 26443K, committed 26816K, reserved 1073152K
  class space    used 3698K, committed 3840K, reserved 1048576K
}

